<?xml version="1.0" encoding="UTF-8"?>
<!-- Generated by org.testng.reporters.JUnitReportReporter -->
<testsuite hostname="DESKTOP-GN4I2R3" failures="0" tests="5" name="ActiTime.TestCase1" time="28.387" errors="0" timestamp="2023-06-26T22:35:09 IST" skipped="0">
  <testcase classname="ActiTime.TestCase1" name="c" time="4.826"/>
  <testcase classname="ActiTime.TestCase1" name="c" time="5.818"/>
  <testcase classname="ActiTime.TestCase1" name="b" time="5.240"/>
  <testcase classname="ActiTime.TestCase1" name="a" time="5.219"/>
  <testcase classname="ActiTime.TestCase1" name="a" time="7.284"/>
</testsuite> <!-- ActiTime.TestCase1 -->
