<?xml version="1.0" encoding="UTF-8"?>
<!-- Generated by org.testng.reporters.JUnitReportReporter -->
<testsuite hostname="DESKTOP-GN4I2R3" failures="0" tests="1" name="testng.Test1" time="0.019" errors="0" timestamp="2023-06-26T21:18:46 IST" skipped="0">
  <testcase classname="testng.Test1" name="a" time="0.019"/>
</testsuite> <!-- testng.Test1 -->
