<?xml version="1.0" encoding="UTF-8"?>
<!-- Generated by org.testng.reporters.JUnitReportReporter -->
<testsuite hostname="DESKTOP-GN4I2R3" failures="0" tests="8" name="testng.Prioritry" time="0.045" errors="0" timestamp="2023-06-26T22:12:59 IST" skipped="0">
  <testcase classname="testng.Prioritry" name="b" time="0.002"/>
  <testcase classname="testng.Prioritry" name="c" time="0.008"/>
  <testcase classname="testng.Prioritry" name="c" time="0.004"/>
  <testcase classname="testng.Prioritry" name="a" time="0.007"/>
  <testcase classname="testng.Prioritry" name="a" time="0.004"/>
  <testcase classname="testng.Prioritry" name="a" time="0.001"/>
  <testcase classname="testng.Prioritry" name="a" time="0.007"/>
  <testcase classname="testng.Prioritry" name="a" time="0.012"/>
</testsuite> <!-- testng.Prioritry -->
